<?xml version="1.0" encoding="UTF-8"?>
<testsuite name="Crear notas de texto" tests="1" skipped="0" failures="0" errors="0" timestamp="2023-06-16T17:28:51" hostname="SQABOG-SQA4337" time="26.527">
  <properties/>
  <testcase name="Crear una nota de texto enriquecido con letra en negrita" classname="Crear notas de texto" time="26.527"/>
  <system-out><![CDATA[]]></system-out>
  <system-err><![CDATA[Starting ChromeDriver 114.0.5735.90 (386bc09e8f4f2e025eddae123f36f6263096ae49-refs/branch-heads/5735@{#1052}) on port 61556
Only local connections are allowed.
Please see https://chromedriver.chromium.org/security-considerations for suggestions on keeping ChromeDriver safe.
ChromeDriver was started successfully.
jun 16, 2023 12:28:59 PM org.openqa.selenium.remote.ProtocolHandshake createSession
INFORMACIÓN: Detected upstream dialect: W3C
jun 16, 2023 12:28:59 PM org.openqa.selenium.devtools.CdpVersionFinder findNearestMatch
ADVERTENCIA: Unable to find an exact match for CDP version 114, so returning the closest version found: a no-op implementation
jun 16, 2023 12:28:59 PM org.openqa.selenium.devtools.CdpVersionFinder findNearestMatch
INFORMACIÓN: Unable to find CDP implementation matching 114.
jun 16, 2023 12:28:59 PM org.openqa.selenium.chromium.ChromiumDriver lambda$new$3
ADVERTENCIA: Unable to find version of CDP to use for . You may need to include a dependency on a specific version of the CDP using something similar to `org.seleniumhq.selenium:selenium-devtools-v86:4.5.0` where the version ("v86") matches the version of the chromium-based browser you're using and the version number of the artifact is the same as Selenium's.
]]></system-err>
</testsuite>
